find_executable: checking for pg_config... -------------------- yes

--------------------

find_header: checking for libpq-fe.h... -------------------- yes

"gcc -o conftest -I/Users/ab55/.rbenv/versions/1.9.3-p429/include/ruby-1.9.1/x86_64-darwin11.4.2 -I/Users/ab55/.rbenv/versions/1.9.3-p429/include/ruby-1.9.1/ruby/backward -I/Users/ab55/.rbenv/versions/1.9.3-p429/include/ruby-1.9.1 -I. -I'/Users/ab55/.rbenv/versions/1.9.3-p429/include'  -D_XOPEN_SOURCE -D_DARWIN_C_SOURCE  -I'/Users/ab55/.rbenv/versions/1.9.3-p429/include'  -I/usr/include  -O3 -Wno-error=shorten-64-to-32  -pipe conftest.c  -L. -L/Users/ab55/.rbenv/versions/1.9.3-p429/lib -L. -L'/Users/ab55/.rbenv/versions/1.9.3-p429/lib'  -L/usr/local/lib -L/usr/lib -Wl,-rpath,/usr/lib     -lruby-static  -lpthread -ldl -lobjc "
checked program was:
/* begin */
1: #include "ruby.h"
2: 
3: int main(int argc, char **argv)
4: {
5:   return 0;
6: }
/* end */

"gcc -E -I/Users/ab55/.rbenv/versions/1.9.3-p429/include/ruby-1.9.1/x86_64-darwin11.4.2 -I/Users/ab55/.rbenv/versions/1.9.3-p429/include/ruby-1.9.1/ruby/backward -I/Users/ab55/.rbenv/versions/1.9.3-p429/include/ruby-1.9.1 -I. -I'/Users/ab55/.rbenv/versions/1.9.3-p429/include'  -D_XOPEN_SOURCE -D_DARWIN_C_SOURCE  -I'/Users/ab55/.rbenv/versions/1.9.3-p429/include'  -I/usr/include  -O3 -Wno-error=shorten-64-to-32  -pipe  conftest.c -o conftest.i"
checked program was:
/* begin */
1: #include "ruby.h"
2: 
3: #include <libpq-fe.h>
/* end */

--------------------

find_header: checking for libpq/libpq-fs.h... -------------------- yes

"gcc -E -I/Users/ab55/.rbenv/versions/1.9.3-p429/include/ruby-1.9.1/x86_64-darwin11.4.2 -I/Users/ab55/.rbenv/versions/1.9.3-p429/include/ruby-1.9.1/ruby/backward -I/Users/ab55/.rbenv/versions/1.9.3-p429/include/ruby-1.9.1 -I. -I'/Users/ab55/.rbenv/versions/1.9.3-p429/include'  -D_XOPEN_SOURCE -D_DARWIN_C_SOURCE  -I'/Users/ab55/.rbenv/versions/1.9.3-p429/include'  -I/usr/include  -O3 -Wno-error=shorten-64-to-32  -pipe  conftest.c -o conftest.i"
checked program was:
/* begin */
1: #include "ruby.h"
2: 
3: #include <libpq/libpq-fs.h>
/* end */

--------------------

find_header: checking for pg_config_manual.h... -------------------- yes

"gcc -E -I/Users/ab55/.rbenv/versions/1.9.3-p429/include/ruby-1.9.1/x86_64-darwin11.4.2 -I/Users/ab55/.rbenv/versions/1.9.3-p429/include/ruby-1.9.1/ruby/backward -I/Users/ab55/.rbenv/versions/1.9.3-p429/include/ruby-1.9.1 -I. -I'/Users/ab55/.rbenv/versions/1.9.3-p429/include'  -D_XOPEN_SOURCE -D_DARWIN_C_SOURCE  -I'/Users/ab55/.rbenv/versions/1.9.3-p429/include'  -I/usr/include  -O3 -Wno-error=shorten-64-to-32  -pipe  conftest.c -o conftest.i"
checked program was:
/* begin */
1: #include "ruby.h"
2: 
3: #include <pg_config_manual.h>
/* end */

--------------------

have_library: checking for PQconnectdb() in -lpq... -------------------- yes

"gcc -o conftest -I/Users/ab55/.rbenv/versions/1.9.3-p429/include/ruby-1.9.1/x86_64-darwin11.4.2 -I/Users/ab55/.rbenv/versions/1.9.3-p429/include/ruby-1.9.1/ruby/backward -I/Users/ab55/.rbenv/versions/1.9.3-p429/include/ruby-1.9.1 -I. -I'/Users/ab55/.rbenv/versions/1.9.3-p429/include'  -D_XOPEN_SOURCE -D_DARWIN_C_SOURCE  -I'/Users/ab55/.rbenv/versions/1.9.3-p429/include'  -I/usr/include  -O3 -Wno-error=shorten-64-to-32  -pipe conftest.c  -L. -L/Users/ab55/.rbenv/versions/1.9.3-p429/lib -L. -L'/Users/ab55/.rbenv/versions/1.9.3-p429/lib'  -L/usr/local/lib -L/usr/lib -Wl,-rpath,/usr/lib     -lruby-static -lpq  -lpthread -ldl -lobjc "
checked program was:
/* begin */
 1: #include "ruby.h"
 2: 
 3: #include <libpq-fe.h>
 4: 
 5: /*top*/
 6: int t() { void ((*volatile p)()); p = (void ((*)()))PQconnectdb; return 0; }
 7: int main(int argc, char **argv)
 8: {
 9:   if (argc > 1000000) {
10:     printf("%p", &t);
11:   }
12: 
13:   return 0;
14: }
/* end */

--------------------

have_func: checking for PQconnectionUsedPassword()... -------------------- yes

"gcc -o conftest -I/Users/ab55/.rbenv/versions/1.9.3-p429/include/ruby-1.9.1/x86_64-darwin11.4.2 -I/Users/ab55/.rbenv/versions/1.9.3-p429/include/ruby-1.9.1/ruby/backward -I/Users/ab55/.rbenv/versions/1.9.3-p429/include/ruby-1.9.1 -I. -I'/Users/ab55/.rbenv/versions/1.9.3-p429/include'  -D_XOPEN_SOURCE -D_DARWIN_C_SOURCE  -I'/Users/ab55/.rbenv/versions/1.9.3-p429/include'  -I/usr/include  -O3 -Wno-error=shorten-64-to-32  -pipe conftest.c  -L. -L/Users/ab55/.rbenv/versions/1.9.3-p429/lib -L. -L'/Users/ab55/.rbenv/versions/1.9.3-p429/lib'  -L/usr/local/lib -L/usr/lib -Wl,-rpath,/usr/lib    -lpq  -lruby-static -lpq  -lpthread -ldl -lobjc "
conftest.c: In function ‘t’:
conftest.c:4: error: ‘PQconnectionUsedPassword’ undeclared (first use in this function)
conftest.c:4: error: (Each undeclared identifier is reported only once
conftest.c:4: error: for each function it appears in.)
checked program was:
/* begin */
 1: #include "ruby.h"
 2: 
 3: /*top*/
 4: int t() { void ((*volatile p)()); p = (void ((*)()))PQconnectionUsedPassword; return 0; }
 5: int main(int argc, char **argv)
 6: {
 7:   if (argc > 1000000) {
 8:     printf("%p", &t);
 9:   }
10: 
11:   return 0;
12: }
/* end */

"gcc -o conftest -I/Users/ab55/.rbenv/versions/1.9.3-p429/include/ruby-1.9.1/x86_64-darwin11.4.2 -I/Users/ab55/.rbenv/versions/1.9.3-p429/include/ruby-1.9.1/ruby/backward -I/Users/ab55/.rbenv/versions/1.9.3-p429/include/ruby-1.9.1 -I. -I'/Users/ab55/.rbenv/versions/1.9.3-p429/include'  -D_XOPEN_SOURCE -D_DARWIN_C_SOURCE  -I'/Users/ab55/.rbenv/versions/1.9.3-p429/include'  -I/usr/include  -O3 -Wno-error=shorten-64-to-32  -pipe conftest.c  -L. -L/Users/ab55/.rbenv/versions/1.9.3-p429/lib -L. -L'/Users/ab55/.rbenv/versions/1.9.3-p429/lib'  -L/usr/local/lib -L/usr/lib -Wl,-rpath,/usr/lib    -lpq  -lruby-static -lpq  -lpthread -ldl -lobjc "
checked program was:
/* begin */
 1: #include "ruby.h"
 2: 
 3: /*top*/
 4: int t() { PQconnectionUsedPassword(); return 0; }
 5: int main(int argc, char **argv)
 6: {
 7:   if (argc > 1000000) {
 8:     printf("%p", &t);
 9:   }
10: 
11:   return 0;
12: }
/* end */

--------------------

have_func: checking for PQisthreadsafe()... -------------------- yes

"gcc -o conftest -I/Users/ab55/.rbenv/versions/1.9.3-p429/include/ruby-1.9.1/x86_64-darwin11.4.2 -I/Users/ab55/.rbenv/versions/1.9.3-p429/include/ruby-1.9.1/ruby/backward -I/Users/ab55/.rbenv/versions/1.9.3-p429/include/ruby-1.9.1 -I. -I'/Users/ab55/.rbenv/versions/1.9.3-p429/include'  -D_XOPEN_SOURCE -D_DARWIN_C_SOURCE  -I'/Users/ab55/.rbenv/versions/1.9.3-p429/include'  -I/usr/include  -O3 -Wno-error=shorten-64-to-32  -pipe conftest.c  -L. -L/Users/ab55/.rbenv/versions/1.9.3-p429/lib -L. -L'/Users/ab55/.rbenv/versions/1.9.3-p429/lib'  -L/usr/local/lib -L/usr/lib -Wl,-rpath,/usr/lib    -lpq  -lruby-static -lpq  -lpthread -ldl -lobjc "
conftest.c: In function ‘t’:
conftest.c:4: error: ‘PQisthreadsafe’ undeclared (first use in this function)
conftest.c:4: error: (Each undeclared identifier is reported only once
conftest.c:4: error: for each function it appears in.)
checked program was:
/* begin */
 1: #include "ruby.h"
 2: 
 3: /*top*/
 4: int t() { void ((*volatile p)()); p = (void ((*)()))PQisthreadsafe; return 0; }
 5: int main(int argc, char **argv)
 6: {
 7:   if (argc > 1000000) {
 8:     printf("%p", &t);
 9:   }
10: 
11:   return 0;
12: }
/* end */

"gcc -o conftest -I/Users/ab55/.rbenv/versions/1.9.3-p429/include/ruby-1.9.1/x86_64-darwin11.4.2 -I/Users/ab55/.rbenv/versions/1.9.3-p429/include/ruby-1.9.1/ruby/backward -I/Users/ab55/.rbenv/versions/1.9.3-p429/include/ruby-1.9.1 -I. -I'/Users/ab55/.rbenv/versions/1.9.3-p429/include'  -D_XOPEN_SOURCE -D_DARWIN_C_SOURCE  -I'/Users/ab55/.rbenv/versions/1.9.3-p429/include'  -I/usr/include  -O3 -Wno-error=shorten-64-to-32  -pipe conftest.c  -L. -L/Users/ab55/.rbenv/versions/1.9.3-p429/lib -L. -L'/Users/ab55/.rbenv/versions/1.9.3-p429/lib'  -L/usr/local/lib -L/usr/lib -Wl,-rpath,/usr/lib    -lpq  -lruby-static -lpq  -lpthread -ldl -lobjc "
checked program was:
/* begin */
 1: #include "ruby.h"
 2: 
 3: /*top*/
 4: int t() { PQisthreadsafe(); return 0; }
 5: int main(int argc, char **argv)
 6: {
 7:   if (argc > 1000000) {
 8:     printf("%p", &t);
 9:   }
10: 
11:   return 0;
12: }
/* end */

--------------------

have_func: checking for PQprepare()... -------------------- yes

"gcc -o conftest -I/Users/ab55/.rbenv/versions/1.9.3-p429/include/ruby-1.9.1/x86_64-darwin11.4.2 -I/Users/ab55/.rbenv/versions/1.9.3-p429/include/ruby-1.9.1/ruby/backward -I/Users/ab55/.rbenv/versions/1.9.3-p429/include/ruby-1.9.1 -I. -I'/Users/ab55/.rbenv/versions/1.9.3-p429/include'  -D_XOPEN_SOURCE -D_DARWIN_C_SOURCE  -I'/Users/ab55/.rbenv/versions/1.9.3-p429/include'  -I/usr/include  -O3 -Wno-error=shorten-64-to-32  -pipe conftest.c  -L. -L/Users/ab55/.rbenv/versions/1.9.3-p429/lib -L. -L'/Users/ab55/.rbenv/versions/1.9.3-p429/lib'  -L/usr/local/lib -L/usr/lib -Wl,-rpath,/usr/lib    -lpq  -lruby-static -lpq  -lpthread -ldl -lobjc "
conftest.c: In function ‘t’:
conftest.c:4: error: ‘PQprepare’ undeclared (first use in this function)
conftest.c:4: error: (Each undeclared identifier is reported only once
conftest.c:4: error: for each function it appears in.)
checked program was:
/* begin */
 1: #include "ruby.h"
 2: 
 3: /*top*/
 4: int t() { void ((*volatile p)()); p = (void ((*)()))PQprepare; return 0; }
 5: int main(int argc, char **argv)
 6: {
 7:   if (argc > 1000000) {
 8:     printf("%p", &t);
 9:   }
10: 
11:   return 0;
12: }
/* end */

"gcc -o conftest -I/Users/ab55/.rbenv/versions/1.9.3-p429/include/ruby-1.9.1/x86_64-darwin11.4.2 -I/Users/ab55/.rbenv/versions/1.9.3-p429/include/ruby-1.9.1/ruby/backward -I/Users/ab55/.rbenv/versions/1.9.3-p429/include/ruby-1.9.1 -I. -I'/Users/ab55/.rbenv/versions/1.9.3-p429/include'  -D_XOPEN_SOURCE -D_DARWIN_C_SOURCE  -I'/Users/ab55/.rbenv/versions/1.9.3-p429/include'  -I/usr/include  -O3 -Wno-error=shorten-64-to-32  -pipe conftest.c  -L. -L/Users/ab55/.rbenv/versions/1.9.3-p429/lib -L. -L'/Users/ab55/.rbenv/versions/1.9.3-p429/lib'  -L/usr/local/lib -L/usr/lib -Wl,-rpath,/usr/lib    -lpq  -lruby-static -lpq  -lpthread -ldl -lobjc "
checked program was:
/* begin */
 1: #include "ruby.h"
 2: 
 3: /*top*/
 4: int t() { PQprepare(); return 0; }
 5: int main(int argc, char **argv)
 6: {
 7:   if (argc > 1000000) {
 8:     printf("%p", &t);
 9:   }
10: 
11:   return 0;
12: }
/* end */

--------------------

have_func: checking for PQexecParams()... -------------------- yes

"gcc -o conftest -I/Users/ab55/.rbenv/versions/1.9.3-p429/include/ruby-1.9.1/x86_64-darwin11.4.2 -I/Users/ab55/.rbenv/versions/1.9.3-p429/include/ruby-1.9.1/ruby/backward -I/Users/ab55/.rbenv/versions/1.9.3-p429/include/ruby-1.9.1 -I. -I'/Users/ab55/.rbenv/versions/1.9.3-p429/include'  -D_XOPEN_SOURCE -D_DARWIN_C_SOURCE  -I'/Users/ab55/.rbenv/versions/1.9.3-p429/include'  -I/usr/include  -O3 -Wno-error=shorten-64-to-32  -pipe conftest.c  -L. -L/Users/ab55/.rbenv/versions/1.9.3-p429/lib -L. -L'/Users/ab55/.rbenv/versions/1.9.3-p429/lib'  -L/usr/local/lib -L/usr/lib -Wl,-rpath,/usr/lib    -lpq  -lruby-static -lpq  -lpthread -ldl -lobjc "
conftest.c: In function ‘t’:
conftest.c:4: error: ‘PQexecParams’ undeclared (first use in this function)
conftest.c:4: error: (Each undeclared identifier is reported only once
conftest.c:4: error: for each function it appears in.)
checked program was:
/* begin */
 1: #include "ruby.h"
 2: 
 3: /*top*/
 4: int t() { void ((*volatile p)()); p = (void ((*)()))PQexecParams; return 0; }
 5: int main(int argc, char **argv)
 6: {
 7:   if (argc > 1000000) {
 8:     printf("%p", &t);
 9:   }
10: 
11:   return 0;
12: }
/* end */

"gcc -o conftest -I/Users/ab55/.rbenv/versions/1.9.3-p429/include/ruby-1.9.1/x86_64-darwin11.4.2 -I/Users/ab55/.rbenv/versions/1.9.3-p429/include/ruby-1.9.1/ruby/backward -I/Users/ab55/.rbenv/versions/1.9.3-p429/include/ruby-1.9.1 -I. -I'/Users/ab55/.rbenv/versions/1.9.3-p429/include'  -D_XOPEN_SOURCE -D_DARWIN_C_SOURCE  -I'/Users/ab55/.rbenv/versions/1.9.3-p429/include'  -I/usr/include  -O3 -Wno-error=shorten-64-to-32  -pipe conftest.c  -L. -L/Users/ab55/.rbenv/versions/1.9.3-p429/lib -L. -L'/Users/ab55/.rbenv/versions/1.9.3-p429/lib'  -L/usr/local/lib -L/usr/lib -Wl,-rpath,/usr/lib    -lpq  -lruby-static -lpq  -lpthread -ldl -lobjc "
checked program was:
/* begin */
 1: #include "ruby.h"
 2: 
 3: /*top*/
 4: int t() { PQexecParams(); return 0; }
 5: int main(int argc, char **argv)
 6: {
 7:   if (argc > 1000000) {
 8:     printf("%p", &t);
 9:   }
10: 
11:   return 0;
12: }
/* end */

--------------------

have_func: checking for PQescapeString()... -------------------- yes

"gcc -o conftest -I/Users/ab55/.rbenv/versions/1.9.3-p429/include/ruby-1.9.1/x86_64-darwin11.4.2 -I/Users/ab55/.rbenv/versions/1.9.3-p429/include/ruby-1.9.1/ruby/backward -I/Users/ab55/.rbenv/versions/1.9.3-p429/include/ruby-1.9.1 -I. -I'/Users/ab55/.rbenv/versions/1.9.3-p429/include'  -D_XOPEN_SOURCE -D_DARWIN_C_SOURCE  -I'/Users/ab55/.rbenv/versions/1.9.3-p429/include'  -I/usr/include  -O3 -Wno-error=shorten-64-to-32  -pipe conftest.c  -L. -L/Users/ab55/.rbenv/versions/1.9.3-p429/lib -L. -L'/Users/ab55/.rbenv/versions/1.9.3-p429/lib'  -L/usr/local/lib -L/usr/lib -Wl,-rpath,/usr/lib    -lpq  -lruby-static -lpq  -lpthread -ldl -lobjc "
conftest.c: In function ‘t’:
conftest.c:4: error: ‘PQescapeString’ undeclared (first use in this function)
conftest.c:4: error: (Each undeclared identifier is reported only once
conftest.c:4: error: for each function it appears in.)
checked program was:
/* begin */
 1: #include "ruby.h"
 2: 
 3: /*top*/
 4: int t() { void ((*volatile p)()); p = (void ((*)()))PQescapeString; return 0; }
 5: int main(int argc, char **argv)
 6: {
 7:   if (argc > 1000000) {
 8:     printf("%p", &t);
 9:   }
10: 
11:   return 0;
12: }
/* end */

"gcc -o conftest -I/Users/ab55/.rbenv/versions/1.9.3-p429/include/ruby-1.9.1/x86_64-darwin11.4.2 -I/Users/ab55/.rbenv/versions/1.9.3-p429/include/ruby-1.9.1/ruby/backward -I/Users/ab55/.rbenv/versions/1.9.3-p429/include/ruby-1.9.1 -I. -I'/Users/ab55/.rbenv/versions/1.9.3-p429/include'  -D_XOPEN_SOURCE -D_DARWIN_C_SOURCE  -I'/Users/ab55/.rbenv/versions/1.9.3-p429/include'  -I/usr/include  -O3 -Wno-error=shorten-64-to-32  -pipe conftest.c  -L. -L/Users/ab55/.rbenv/versions/1.9.3-p429/lib -L. -L'/Users/ab55/.rbenv/versions/1.9.3-p429/lib'  -L/usr/local/lib -L/usr/lib -Wl,-rpath,/usr/lib    -lpq  -lruby-static -lpq  -lpthread -ldl -lobjc "
checked program was:
/* begin */
 1: #include "ruby.h"
 2: 
 3: /*top*/
 4: int t() { PQescapeString(); return 0; }
 5: int main(int argc, char **argv)
 6: {
 7:   if (argc > 1000000) {
 8:     printf("%p", &t);
 9:   }
10: 
11:   return 0;
12: }
/* end */

--------------------

have_func: checking for PQescapeStringConn()... -------------------- yes

"gcc -o conftest -I/Users/ab55/.rbenv/versions/1.9.3-p429/include/ruby-1.9.1/x86_64-darwin11.4.2 -I/Users/ab55/.rbenv/versions/1.9.3-p429/include/ruby-1.9.1/ruby/backward -I/Users/ab55/.rbenv/versions/1.9.3-p429/include/ruby-1.9.1 -I. -I'/Users/ab55/.rbenv/versions/1.9.3-p429/include'  -D_XOPEN_SOURCE -D_DARWIN_C_SOURCE  -I'/Users/ab55/.rbenv/versions/1.9.3-p429/include'  -I/usr/include  -O3 -Wno-error=shorten-64-to-32  -pipe conftest.c  -L. -L/Users/ab55/.rbenv/versions/1.9.3-p429/lib -L. -L'/Users/ab55/.rbenv/versions/1.9.3-p429/lib'  -L/usr/local/lib -L/usr/lib -Wl,-rpath,/usr/lib    -lpq  -lruby-static -lpq  -lpthread -ldl -lobjc "
conftest.c: In function ‘t’:
conftest.c:4: error: ‘PQescapeStringConn’ undeclared (first use in this function)
conftest.c:4: error: (Each undeclared identifier is reported only once
conftest.c:4: error: for each function it appears in.)
checked program was:
/* begin */
 1: #include "ruby.h"
 2: 
 3: /*top*/
 4: int t() { void ((*volatile p)()); p = (void ((*)()))PQescapeStringConn; return 0; }
 5: int main(int argc, char **argv)
 6: {
 7:   if (argc > 1000000) {
 8:     printf("%p", &t);
 9:   }
10: 
11:   return 0;
12: }
/* end */

"gcc -o conftest -I/Users/ab55/.rbenv/versions/1.9.3-p429/include/ruby-1.9.1/x86_64-darwin11.4.2 -I/Users/ab55/.rbenv/versions/1.9.3-p429/include/ruby-1.9.1/ruby/backward -I/Users/ab55/.rbenv/versions/1.9.3-p429/include/ruby-1.9.1 -I. -I'/Users/ab55/.rbenv/versions/1.9.3-p429/include'  -D_XOPEN_SOURCE -D_DARWIN_C_SOURCE  -I'/Users/ab55/.rbenv/versions/1.9.3-p429/include'  -I/usr/include  -O3 -Wno-error=shorten-64-to-32  -pipe conftest.c  -L. -L/Users/ab55/.rbenv/versions/1.9.3-p429/lib -L. -L'/Users/ab55/.rbenv/versions/1.9.3-p429/lib'  -L/usr/local/lib -L/usr/lib -Wl,-rpath,/usr/lib    -lpq  -lruby-static -lpq  -lpthread -ldl -lobjc "
checked program was:
/* begin */
 1: #include "ruby.h"
 2: 
 3: /*top*/
 4: int t() { PQescapeStringConn(); return 0; }
 5: int main(int argc, char **argv)
 6: {
 7:   if (argc > 1000000) {
 8:     printf("%p", &t);
 9:   }
10: 
11:   return 0;
12: }
/* end */

--------------------

have_func: checking for PQescapeLiteral()... -------------------- yes

"gcc -o conftest -I/Users/ab55/.rbenv/versions/1.9.3-p429/include/ruby-1.9.1/x86_64-darwin11.4.2 -I/Users/ab55/.rbenv/versions/1.9.3-p429/include/ruby-1.9.1/ruby/backward -I/Users/ab55/.rbenv/versions/1.9.3-p429/include/ruby-1.9.1 -I. -I'/Users/ab55/.rbenv/versions/1.9.3-p429/include'  -D_XOPEN_SOURCE -D_DARWIN_C_SOURCE  -I'/Users/ab55/.rbenv/versions/1.9.3-p429/include'  -I/usr/include  -O3 -Wno-error=shorten-64-to-32  -pipe conftest.c  -L. -L/Users/ab55/.rbenv/versions/1.9.3-p429/lib -L. -L'/Users/ab55/.rbenv/versions/1.9.3-p429/lib'  -L/usr/local/lib -L/usr/lib -Wl,-rpath,/usr/lib    -lpq  -lruby-static -lpq  -lpthread -ldl -lobjc "
conftest.c: In function ‘t’:
conftest.c:4: error: ‘PQescapeLiteral’ undeclared (first use in this function)
conftest.c:4: error: (Each undeclared identifier is reported only once
conftest.c:4: error: for each function it appears in.)
checked program was:
/* begin */
 1: #include "ruby.h"
 2: 
 3: /*top*/
 4: int t() { void ((*volatile p)()); p = (void ((*)()))PQescapeLiteral; return 0; }
 5: int main(int argc, char **argv)
 6: {
 7:   if (argc > 1000000) {
 8:     printf("%p", &t);
 9:   }
10: 
11:   return 0;
12: }
/* end */

"gcc -o conftest -I/Users/ab55/.rbenv/versions/1.9.3-p429/include/ruby-1.9.1/x86_64-darwin11.4.2 -I/Users/ab55/.rbenv/versions/1.9.3-p429/include/ruby-1.9.1/ruby/backward -I/Users/ab55/.rbenv/versions/1.9.3-p429/include/ruby-1.9.1 -I. -I'/Users/ab55/.rbenv/versions/1.9.3-p429/include'  -D_XOPEN_SOURCE -D_DARWIN_C_SOURCE  -I'/Users/ab55/.rbenv/versions/1.9.3-p429/include'  -I/usr/include  -O3 -Wno-error=shorten-64-to-32  -pipe conftest.c  -L. -L/Users/ab55/.rbenv/versions/1.9.3-p429/lib -L. -L'/Users/ab55/.rbenv/versions/1.9.3-p429/lib'  -L/usr/local/lib -L/usr/lib -Wl,-rpath,/usr/lib    -lpq  -lruby-static -lpq  -lpthread -ldl -lobjc "
checked program was:
/* begin */
 1: #include "ruby.h"
 2: 
 3: /*top*/
 4: int t() { PQescapeLiteral(); return 0; }
 5: int main(int argc, char **argv)
 6: {
 7:   if (argc > 1000000) {
 8:     printf("%p", &t);
 9:   }
10: 
11:   return 0;
12: }
/* end */

--------------------

have_func: checking for PQescapeIdentifier()... -------------------- yes

"gcc -o conftest -I/Users/ab55/.rbenv/versions/1.9.3-p429/include/ruby-1.9.1/x86_64-darwin11.4.2 -I/Users/ab55/.rbenv/versions/1.9.3-p429/include/ruby-1.9.1/ruby/backward -I/Users/ab55/.rbenv/versions/1.9.3-p429/include/ruby-1.9.1 -I. -I'/Users/ab55/.rbenv/versions/1.9.3-p429/include'  -D_XOPEN_SOURCE -D_DARWIN_C_SOURCE  -I'/Users/ab55/.rbenv/versions/1.9.3-p429/include'  -I/usr/include  -O3 -Wno-error=shorten-64-to-32  -pipe conftest.c  -L. -L/Users/ab55/.rbenv/versions/1.9.3-p429/lib -L. -L'/Users/ab55/.rbenv/versions/1.9.3-p429/lib'  -L/usr/local/lib -L/usr/lib -Wl,-rpath,/usr/lib    -lpq  -lruby-static -lpq  -lpthread -ldl -lobjc "
conftest.c: In function ‘t’:
conftest.c:4: error: ‘PQescapeIdentifier’ undeclared (first use in this function)
conftest.c:4: error: (Each undeclared identifier is reported only once
conftest.c:4: error: for each function it appears in.)
checked program was:
/* begin */
 1: #include "ruby.h"
 2: 
 3: /*top*/
 4: int t() { void ((*volatile p)()); p = (void ((*)()))PQescapeIdentifier; return 0; }
 5: int main(int argc, char **argv)
 6: {
 7:   if (argc > 1000000) {
 8:     printf("%p", &t);
 9:   }
10: 
11:   return 0;
12: }
/* end */

"gcc -o conftest -I/Users/ab55/.rbenv/versions/1.9.3-p429/include/ruby-1.9.1/x86_64-darwin11.4.2 -I/Users/ab55/.rbenv/versions/1.9.3-p429/include/ruby-1.9.1/ruby/backward -I/Users/ab55/.rbenv/versions/1.9.3-p429/include/ruby-1.9.1 -I. -I'/Users/ab55/.rbenv/versions/1.9.3-p429/include'  -D_XOPEN_SOURCE -D_DARWIN_C_SOURCE  -I'/Users/ab55/.rbenv/versions/1.9.3-p429/include'  -I/usr/include  -O3 -Wno-error=shorten-64-to-32  -pipe conftest.c  -L. -L/Users/ab55/.rbenv/versions/1.9.3-p429/lib -L. -L'/Users/ab55/.rbenv/versions/1.9.3-p429/lib'  -L/usr/local/lib -L/usr/lib -Wl,-rpath,/usr/lib    -lpq  -lruby-static -lpq  -lpthread -ldl -lobjc "
checked program was:
/* begin */
 1: #include "ruby.h"
 2: 
 3: /*top*/
 4: int t() { PQescapeIdentifier(); return 0; }
 5: int main(int argc, char **argv)
 6: {
 7:   if (argc > 1000000) {
 8:     printf("%p", &t);
 9:   }
10: 
11:   return 0;
12: }
/* end */

--------------------

have_func: checking for PQgetCancel()... -------------------- yes

"gcc -o conftest -I/Users/ab55/.rbenv/versions/1.9.3-p429/include/ruby-1.9.1/x86_64-darwin11.4.2 -I/Users/ab55/.rbenv/versions/1.9.3-p429/include/ruby-1.9.1/ruby/backward -I/Users/ab55/.rbenv/versions/1.9.3-p429/include/ruby-1.9.1 -I. -I'/Users/ab55/.rbenv/versions/1.9.3-p429/include'  -D_XOPEN_SOURCE -D_DARWIN_C_SOURCE  -I'/Users/ab55/.rbenv/versions/1.9.3-p429/include'  -I/usr/include  -O3 -Wno-error=shorten-64-to-32  -pipe conftest.c  -L. -L/Users/ab55/.rbenv/versions/1.9.3-p429/lib -L. -L'/Users/ab55/.rbenv/versions/1.9.3-p429/lib'  -L/usr/local/lib -L/usr/lib -Wl,-rpath,/usr/lib    -lpq  -lruby-static -lpq  -lpthread -ldl -lobjc "
conftest.c: In function ‘t’:
conftest.c:4: error: ‘PQgetCancel’ undeclared (first use in this function)
conftest.c:4: error: (Each undeclared identifier is reported only once
conftest.c:4: error: for each function it appears in.)
checked program was:
/* begin */
 1: #include "ruby.h"
 2: 
 3: /*top*/
 4: int t() { void ((*volatile p)()); p = (void ((*)()))PQgetCancel; return 0; }
 5: int main(int argc, char **argv)
 6: {
 7:   if (argc > 1000000) {
 8:     printf("%p", &t);
 9:   }
10: 
11:   return 0;
12: }
/* end */

"gcc -o conftest -I/Users/ab55/.rbenv/versions/1.9.3-p429/include/ruby-1.9.1/x86_64-darwin11.4.2 -I/Users/ab55/.rbenv/versions/1.9.3-p429/include/ruby-1.9.1/ruby/backward -I/Users/ab55/.rbenv/versions/1.9.3-p429/include/ruby-1.9.1 -I. -I'/Users/ab55/.rbenv/versions/1.9.3-p429/include'  -D_XOPEN_SOURCE -D_DARWIN_C_SOURCE  -I'/Users/ab55/.rbenv/versions/1.9.3-p429/include'  -I/usr/include  -O3 -Wno-error=shorten-64-to-32  -pipe conftest.c  -L. -L/Users/ab55/.rbenv/versions/1.9.3-p429/lib -L. -L'/Users/ab55/.rbenv/versions/1.9.3-p429/lib'  -L/usr/local/lib -L/usr/lib -Wl,-rpath,/usr/lib    -lpq  -lruby-static -lpq  -lpthread -ldl -lobjc "
checked program was:
/* begin */
 1: #include "ruby.h"
 2: 
 3: /*top*/
 4: int t() { PQgetCancel(); return 0; }
 5: int main(int argc, char **argv)
 6: {
 7:   if (argc > 1000000) {
 8:     printf("%p", &t);
 9:   }
10: 
11:   return 0;
12: }
/* end */

--------------------

have_func: checking for lo_create()... -------------------- yes

"gcc -o conftest -I/Users/ab55/.rbenv/versions/1.9.3-p429/include/ruby-1.9.1/x86_64-darwin11.4.2 -I/Users/ab55/.rbenv/versions/1.9.3-p429/include/ruby-1.9.1/ruby/backward -I/Users/ab55/.rbenv/versions/1.9.3-p429/include/ruby-1.9.1 -I. -I'/Users/ab55/.rbenv/versions/1.9.3-p429/include'  -D_XOPEN_SOURCE -D_DARWIN_C_SOURCE  -I'/Users/ab55/.rbenv/versions/1.9.3-p429/include'  -I/usr/include  -O3 -Wno-error=shorten-64-to-32  -pipe conftest.c  -L. -L/Users/ab55/.rbenv/versions/1.9.3-p429/lib -L. -L'/Users/ab55/.rbenv/versions/1.9.3-p429/lib'  -L/usr/local/lib -L/usr/lib -Wl,-rpath,/usr/lib    -lpq  -lruby-static -lpq  -lpthread -ldl -lobjc "
conftest.c: In function ‘t’:
conftest.c:4: error: ‘lo_create’ undeclared (first use in this function)
conftest.c:4: error: (Each undeclared identifier is reported only once
conftest.c:4: error: for each function it appears in.)
checked program was:
/* begin */
 1: #include "ruby.h"
 2: 
 3: /*top*/
 4: int t() { void ((*volatile p)()); p = (void ((*)()))lo_create; return 0; }
 5: int main(int argc, char **argv)
 6: {
 7:   if (argc > 1000000) {
 8:     printf("%p", &t);
 9:   }
10: 
11:   return 0;
12: }
/* end */

"gcc -o conftest -I/Users/ab55/.rbenv/versions/1.9.3-p429/include/ruby-1.9.1/x86_64-darwin11.4.2 -I/Users/ab55/.rbenv/versions/1.9.3-p429/include/ruby-1.9.1/ruby/backward -I/Users/ab55/.rbenv/versions/1.9.3-p429/include/ruby-1.9.1 -I. -I'/Users/ab55/.rbenv/versions/1.9.3-p429/include'  -D_XOPEN_SOURCE -D_DARWIN_C_SOURCE  -I'/Users/ab55/.rbenv/versions/1.9.3-p429/include'  -I/usr/include  -O3 -Wno-error=shorten-64-to-32  -pipe conftest.c  -L. -L/Users/ab55/.rbenv/versions/1.9.3-p429/lib -L. -L'/Users/ab55/.rbenv/versions/1.9.3-p429/lib'  -L/usr/local/lib -L/usr/lib -Wl,-rpath,/usr/lib    -lpq  -lruby-static -lpq  -lpthread -ldl -lobjc "
checked program was:
/* begin */
 1: #include "ruby.h"
 2: 
 3: /*top*/
 4: int t() { lo_create(); return 0; }
 5: int main(int argc, char **argv)
 6: {
 7:   if (argc > 1000000) {
 8:     printf("%p", &t);
 9:   }
10: 
11:   return 0;
12: }
/* end */

--------------------

have_func: checking for pg_encoding_to_char()... -------------------- yes

"gcc -o conftest -I/Users/ab55/.rbenv/versions/1.9.3-p429/include/ruby-1.9.1/x86_64-darwin11.4.2 -I/Users/ab55/.rbenv/versions/1.9.3-p429/include/ruby-1.9.1/ruby/backward -I/Users/ab55/.rbenv/versions/1.9.3-p429/include/ruby-1.9.1 -I. -I'/Users/ab55/.rbenv/versions/1.9.3-p429/include'  -D_XOPEN_SOURCE -D_DARWIN_C_SOURCE  -I'/Users/ab55/.rbenv/versions/1.9.3-p429/include'  -I/usr/include  -O3 -Wno-error=shorten-64-to-32  -pipe conftest.c  -L. -L/Users/ab55/.rbenv/versions/1.9.3-p429/lib -L. -L'/Users/ab55/.rbenv/versions/1.9.3-p429/lib'  -L/usr/local/lib -L/usr/lib -Wl,-rpath,/usr/lib    -lpq  -lruby-static -lpq  -lpthread -ldl -lobjc "
conftest.c: In function ‘t’:
conftest.c:4: error: ‘pg_encoding_to_char’ undeclared (first use in this function)
conftest.c:4: error: (Each undeclared identifier is reported only once
conftest.c:4: error: for each function it appears in.)
checked program was:
/* begin */
 1: #include "ruby.h"
 2: 
 3: /*top*/
 4: int t() { void ((*volatile p)()); p = (void ((*)()))pg_encoding_to_char; return 0; }
 5: int main(int argc, char **argv)
 6: {
 7:   if (argc > 1000000) {
 8:     printf("%p", &t);
 9:   }
10: 
11:   return 0;
12: }
/* end */

"gcc -o conftest -I/Users/ab55/.rbenv/versions/1.9.3-p429/include/ruby-1.9.1/x86_64-darwin11.4.2 -I/Users/ab55/.rbenv/versions/1.9.3-p429/include/ruby-1.9.1/ruby/backward -I/Users/ab55/.rbenv/versions/1.9.3-p429/include/ruby-1.9.1 -I. -I'/Users/ab55/.rbenv/versions/1.9.3-p429/include'  -D_XOPEN_SOURCE -D_DARWIN_C_SOURCE  -I'/Users/ab55/.rbenv/versions/1.9.3-p429/include'  -I/usr/include  -O3 -Wno-error=shorten-64-to-32  -pipe conftest.c  -L. -L/Users/ab55/.rbenv/versions/1.9.3-p429/lib -L. -L'/Users/ab55/.rbenv/versions/1.9.3-p429/lib'  -L/usr/local/lib -L/usr/lib -Wl,-rpath,/usr/lib    -lpq  -lruby-static -lpq  -lpthread -ldl -lobjc "
checked program was:
/* begin */
 1: #include "ruby.h"
 2: 
 3: /*top*/
 4: int t() { pg_encoding_to_char(); return 0; }
 5: int main(int argc, char **argv)
 6: {
 7:   if (argc > 1000000) {
 8:     printf("%p", &t);
 9:   }
10: 
11:   return 0;
12: }
/* end */

--------------------

have_func: checking for pg_char_to_encoding()... -------------------- yes

"gcc -o conftest -I/Users/ab55/.rbenv/versions/1.9.3-p429/include/ruby-1.9.1/x86_64-darwin11.4.2 -I/Users/ab55/.rbenv/versions/1.9.3-p429/include/ruby-1.9.1/ruby/backward -I/Users/ab55/.rbenv/versions/1.9.3-p429/include/ruby-1.9.1 -I. -I'/Users/ab55/.rbenv/versions/1.9.3-p429/include'  -D_XOPEN_SOURCE -D_DARWIN_C_SOURCE  -I'/Users/ab55/.rbenv/versions/1.9.3-p429/include'  -I/usr/include  -O3 -Wno-error=shorten-64-to-32  -pipe conftest.c  -L. -L/Users/ab55/.rbenv/versions/1.9.3-p429/lib -L. -L'/Users/ab55/.rbenv/versions/1.9.3-p429/lib'  -L/usr/local/lib -L/usr/lib -Wl,-rpath,/usr/lib    -lpq  -lruby-static -lpq  -lpthread -ldl -lobjc "
conftest.c: In function ‘t’:
conftest.c:4: error: ‘pg_char_to_encoding’ undeclared (first use in this function)
conftest.c:4: error: (Each undeclared identifier is reported only once
conftest.c:4: error: for each function it appears in.)
checked program was:
/* begin */
 1: #include "ruby.h"
 2: 
 3: /*top*/
 4: int t() { void ((*volatile p)()); p = (void ((*)()))pg_char_to_encoding; return 0; }
 5: int main(int argc, char **argv)
 6: {
 7:   if (argc > 1000000) {
 8:     printf("%p", &t);
 9:   }
10: 
11:   return 0;
12: }
/* end */

"gcc -o conftest -I/Users/ab55/.rbenv/versions/1.9.3-p429/include/ruby-1.9.1/x86_64-darwin11.4.2 -I/Users/ab55/.rbenv/versions/1.9.3-p429/include/ruby-1.9.1/ruby/backward -I/Users/ab55/.rbenv/versions/1.9.3-p429/include/ruby-1.9.1 -I. -I'/Users/ab55/.rbenv/versions/1.9.3-p429/include'  -D_XOPEN_SOURCE -D_DARWIN_C_SOURCE  -I'/Users/ab55/.rbenv/versions/1.9.3-p429/include'  -I/usr/include  -O3 -Wno-error=shorten-64-to-32  -pipe conftest.c  -L. -L/Users/ab55/.rbenv/versions/1.9.3-p429/lib -L. -L'/Users/ab55/.rbenv/versions/1.9.3-p429/lib'  -L/usr/local/lib -L/usr/lib -Wl,-rpath,/usr/lib    -lpq  -lruby-static -lpq  -lpthread -ldl -lobjc "
checked program was:
/* begin */
 1: #include "ruby.h"
 2: 
 3: /*top*/
 4: int t() { pg_char_to_encoding(); return 0; }
 5: int main(int argc, char **argv)
 6: {
 7:   if (argc > 1000000) {
 8:     printf("%p", &t);
 9:   }
10: 
11:   return 0;
12: }
/* end */

--------------------

have_func: checking for PQsetClientEncoding()... -------------------- yes

"gcc -o conftest -I/Users/ab55/.rbenv/versions/1.9.3-p429/include/ruby-1.9.1/x86_64-darwin11.4.2 -I/Users/ab55/.rbenv/versions/1.9.3-p429/include/ruby-1.9.1/ruby/backward -I/Users/ab55/.rbenv/versions/1.9.3-p429/include/ruby-1.9.1 -I. -I'/Users/ab55/.rbenv/versions/1.9.3-p429/include'  -D_XOPEN_SOURCE -D_DARWIN_C_SOURCE  -I'/Users/ab55/.rbenv/versions/1.9.3-p429/include'  -I/usr/include  -O3 -Wno-error=shorten-64-to-32  -pipe conftest.c  -L. -L/Users/ab55/.rbenv/versions/1.9.3-p429/lib -L. -L'/Users/ab55/.rbenv/versions/1.9.3-p429/lib'  -L/usr/local/lib -L/usr/lib -Wl,-rpath,/usr/lib    -lpq  -lruby-static -lpq  -lpthread -ldl -lobjc "
conftest.c: In function ‘t’:
conftest.c:4: error: ‘PQsetClientEncoding’ undeclared (first use in this function)
conftest.c:4: error: (Each undeclared identifier is reported only once
conftest.c:4: error: for each function it appears in.)
checked program was:
/* begin */
 1: #include "ruby.h"
 2: 
 3: /*top*/
 4: int t() { void ((*volatile p)()); p = (void ((*)()))PQsetClientEncoding; return 0; }
 5: int main(int argc, char **argv)
 6: {
 7:   if (argc > 1000000) {
 8:     printf("%p", &t);
 9:   }
10: 
11:   return 0;
12: }
/* end */

"gcc -o conftest -I/Users/ab55/.rbenv/versions/1.9.3-p429/include/ruby-1.9.1/x86_64-darwin11.4.2 -I/Users/ab55/.rbenv/versions/1.9.3-p429/include/ruby-1.9.1/ruby/backward -I/Users/ab55/.rbenv/versions/1.9.3-p429/include/ruby-1.9.1 -I. -I'/Users/ab55/.rbenv/versions/1.9.3-p429/include'  -D_XOPEN_SOURCE -D_DARWIN_C_SOURCE  -I'/Users/ab55/.rbenv/versions/1.9.3-p429/include'  -I/usr/include  -O3 -Wno-error=shorten-64-to-32  -pipe conftest.c  -L. -L/Users/ab55/.rbenv/versions/1.9.3-p429/lib -L. -L'/Users/ab55/.rbenv/versions/1.9.3-p429/lib'  -L/usr/local/lib -L/usr/lib -Wl,-rpath,/usr/lib    -lpq  -lruby-static -lpq  -lpthread -ldl -lobjc "
checked program was:
/* begin */
 1: #include "ruby.h"
 2: 
 3: /*top*/
 4: int t() { PQsetClientEncoding(); return 0; }
 5: int main(int argc, char **argv)
 6: {
 7:   if (argc > 1000000) {
 8:     printf("%p", &t);
 9:   }
10: 
11:   return 0;
12: }
/* end */

--------------------

have_func: checking for PQlibVersion()... -------------------- no

"gcc -o conftest -I/Users/ab55/.rbenv/versions/1.9.3-p429/include/ruby-1.9.1/x86_64-darwin11.4.2 -I/Users/ab55/.rbenv/versions/1.9.3-p429/include/ruby-1.9.1/ruby/backward -I/Users/ab55/.rbenv/versions/1.9.3-p429/include/ruby-1.9.1 -I. -I'/Users/ab55/.rbenv/versions/1.9.3-p429/include'  -D_XOPEN_SOURCE -D_DARWIN_C_SOURCE  -I'/Users/ab55/.rbenv/versions/1.9.3-p429/include'  -I/usr/include  -O3 -Wno-error=shorten-64-to-32  -pipe conftest.c  -L. -L/Users/ab55/.rbenv/versions/1.9.3-p429/lib -L. -L'/Users/ab55/.rbenv/versions/1.9.3-p429/lib'  -L/usr/local/lib -L/usr/lib -Wl,-rpath,/usr/lib    -lpq  -lruby-static -lpq  -lpthread -ldl -lobjc "
conftest.c: In function ‘t’:
conftest.c:4: error: ‘PQlibVersion’ undeclared (first use in this function)
conftest.c:4: error: (Each undeclared identifier is reported only once
conftest.c:4: error: for each function it appears in.)
checked program was:
/* begin */
 1: #include "ruby.h"
 2: 
 3: /*top*/
 4: int t() { void ((*volatile p)()); p = (void ((*)()))PQlibVersion; return 0; }
 5: int main(int argc, char **argv)
 6: {
 7:   if (argc > 1000000) {
 8:     printf("%p", &t);
 9:   }
10: 
11:   return 0;
12: }
/* end */

"gcc -o conftest -I/Users/ab55/.rbenv/versions/1.9.3-p429/include/ruby-1.9.1/x86_64-darwin11.4.2 -I/Users/ab55/.rbenv/versions/1.9.3-p429/include/ruby-1.9.1/ruby/backward -I/Users/ab55/.rbenv/versions/1.9.3-p429/include/ruby-1.9.1 -I. -I'/Users/ab55/.rbenv/versions/1.9.3-p429/include'  -D_XOPEN_SOURCE -D_DARWIN_C_SOURCE  -I'/Users/ab55/.rbenv/versions/1.9.3-p429/include'  -I/usr/include  -O3 -Wno-error=shorten-64-to-32  -pipe conftest.c  -L. -L/Users/ab55/.rbenv/versions/1.9.3-p429/lib -L. -L'/Users/ab55/.rbenv/versions/1.9.3-p429/lib'  -L/usr/local/lib -L/usr/lib -Wl,-rpath,/usr/lib    -lpq  -lruby-static -lpq  -lpthread -ldl -lobjc "
Undefined symbols for architecture x86_64:
  "_PQlibVersion", referenced from:
      _t in ccF1xESY.o
ld: symbol(s) not found for architecture x86_64
collect2: ld returned 1 exit status
checked program was:
/* begin */
 1: #include "ruby.h"
 2: 
 3: /*top*/
 4: int t() { PQlibVersion(); return 0; }
 5: int main(int argc, char **argv)
 6: {
 7:   if (argc > 1000000) {
 8:     printf("%p", &t);
 9:   }
10: 
11:   return 0;
12: }
/* end */

--------------------

have_func: checking for PQping()... -------------------- no

"gcc -o conftest -I/Users/ab55/.rbenv/versions/1.9.3-p429/include/ruby-1.9.1/x86_64-darwin11.4.2 -I/Users/ab55/.rbenv/versions/1.9.3-p429/include/ruby-1.9.1/ruby/backward -I/Users/ab55/.rbenv/versions/1.9.3-p429/include/ruby-1.9.1 -I. -I'/Users/ab55/.rbenv/versions/1.9.3-p429/include'  -D_XOPEN_SOURCE -D_DARWIN_C_SOURCE  -I'/Users/ab55/.rbenv/versions/1.9.3-p429/include'  -I/usr/include  -O3 -Wno-error=shorten-64-to-32  -pipe conftest.c  -L. -L/Users/ab55/.rbenv/versions/1.9.3-p429/lib -L. -L'/Users/ab55/.rbenv/versions/1.9.3-p429/lib'  -L/usr/local/lib -L/usr/lib -Wl,-rpath,/usr/lib    -lpq  -lruby-static -lpq  -lpthread -ldl -lobjc "
conftest.c: In function ‘t’:
conftest.c:4: error: ‘PQping’ undeclared (first use in this function)
conftest.c:4: error: (Each undeclared identifier is reported only once
conftest.c:4: error: for each function it appears in.)
checked program was:
/* begin */
 1: #include "ruby.h"
 2: 
 3: /*top*/
 4: int t() { void ((*volatile p)()); p = (void ((*)()))PQping; return 0; }
 5: int main(int argc, char **argv)
 6: {
 7:   if (argc > 1000000) {
 8:     printf("%p", &t);
 9:   }
10: 
11:   return 0;
12: }
/* end */

"gcc -o conftest -I/Users/ab55/.rbenv/versions/1.9.3-p429/include/ruby-1.9.1/x86_64-darwin11.4.2 -I/Users/ab55/.rbenv/versions/1.9.3-p429/include/ruby-1.9.1/ruby/backward -I/Users/ab55/.rbenv/versions/1.9.3-p429/include/ruby-1.9.1 -I. -I'/Users/ab55/.rbenv/versions/1.9.3-p429/include'  -D_XOPEN_SOURCE -D_DARWIN_C_SOURCE  -I'/Users/ab55/.rbenv/versions/1.9.3-p429/include'  -I/usr/include  -O3 -Wno-error=shorten-64-to-32  -pipe conftest.c  -L. -L/Users/ab55/.rbenv/versions/1.9.3-p429/lib -L. -L'/Users/ab55/.rbenv/versions/1.9.3-p429/lib'  -L/usr/local/lib -L/usr/lib -Wl,-rpath,/usr/lib    -lpq  -lruby-static -lpq  -lpthread -ldl -lobjc "
Undefined symbols for architecture x86_64:
  "_PQping", referenced from:
      _t in ccCfK2st.o
ld: symbol(s) not found for architecture x86_64
collect2: ld returned 1 exit status
checked program was:
/* begin */
 1: #include "ruby.h"
 2: 
 3: /*top*/
 4: int t() { PQping(); return 0; }
 5: int main(int argc, char **argv)
 6: {
 7:   if (argc > 1000000) {
 8:     printf("%p", &t);
 9:   }
10: 
11:   return 0;
12: }
/* end */

--------------------

have_func: checking for PQsetSingleRowMode()... -------------------- no

"gcc -o conftest -I/Users/ab55/.rbenv/versions/1.9.3-p429/include/ruby-1.9.1/x86_64-darwin11.4.2 -I/Users/ab55/.rbenv/versions/1.9.3-p429/include/ruby-1.9.1/ruby/backward -I/Users/ab55/.rbenv/versions/1.9.3-p429/include/ruby-1.9.1 -I. -I'/Users/ab55/.rbenv/versions/1.9.3-p429/include'  -D_XOPEN_SOURCE -D_DARWIN_C_SOURCE  -I'/Users/ab55/.rbenv/versions/1.9.3-p429/include'  -I/usr/include  -O3 -Wno-error=shorten-64-to-32  -pipe conftest.c  -L. -L/Users/ab55/.rbenv/versions/1.9.3-p429/lib -L. -L'/Users/ab55/.rbenv/versions/1.9.3-p429/lib'  -L/usr/local/lib -L/usr/lib -Wl,-rpath,/usr/lib    -lpq  -lruby-static -lpq  -lpthread -ldl -lobjc "
conftest.c: In function ‘t’:
conftest.c:4: error: ‘PQsetSingleRowMode’ undeclared (first use in this function)
conftest.c:4: error: (Each undeclared identifier is reported only once
conftest.c:4: error: for each function it appears in.)
checked program was:
/* begin */
 1: #include "ruby.h"
 2: 
 3: /*top*/
 4: int t() { void ((*volatile p)()); p = (void ((*)()))PQsetSingleRowMode; return 0; }
 5: int main(int argc, char **argv)
 6: {
 7:   if (argc > 1000000) {
 8:     printf("%p", &t);
 9:   }
10: 
11:   return 0;
12: }
/* end */

"gcc -o conftest -I/Users/ab55/.rbenv/versions/1.9.3-p429/include/ruby-1.9.1/x86_64-darwin11.4.2 -I/Users/ab55/.rbenv/versions/1.9.3-p429/include/ruby-1.9.1/ruby/backward -I/Users/ab55/.rbenv/versions/1.9.3-p429/include/ruby-1.9.1 -I. -I'/Users/ab55/.rbenv/versions/1.9.3-p429/include'  -D_XOPEN_SOURCE -D_DARWIN_C_SOURCE  -I'/Users/ab55/.rbenv/versions/1.9.3-p429/include'  -I/usr/include  -O3 -Wno-error=shorten-64-to-32  -pipe conftest.c  -L. -L/Users/ab55/.rbenv/versions/1.9.3-p429/lib -L. -L'/Users/ab55/.rbenv/versions/1.9.3-p429/lib'  -L/usr/local/lib -L/usr/lib -Wl,-rpath,/usr/lib    -lpq  -lruby-static -lpq  -lpthread -ldl -lobjc "
Undefined symbols for architecture x86_64:
  "_PQsetSingleRowMode", referenced from:
      _t in ccB7dJaN.o
ld: symbol(s) not found for architecture x86_64
collect2: ld returned 1 exit status
checked program was:
/* begin */
 1: #include "ruby.h"
 2: 
 3: /*top*/
 4: int t() { PQsetSingleRowMode(); return 0; }
 5: int main(int argc, char **argv)
 6: {
 7:   if (argc > 1000000) {
 8:     printf("%p", &t);
 9:   }
10: 
11:   return 0;
12: }
/* end */

--------------------

have_func: checking for rb_encdb_alias()... -------------------- yes

"gcc -o conftest -I/Users/ab55/.rbenv/versions/1.9.3-p429/include/ruby-1.9.1/x86_64-darwin11.4.2 -I/Users/ab55/.rbenv/versions/1.9.3-p429/include/ruby-1.9.1/ruby/backward -I/Users/ab55/.rbenv/versions/1.9.3-p429/include/ruby-1.9.1 -I. -I'/Users/ab55/.rbenv/versions/1.9.3-p429/include'  -D_XOPEN_SOURCE -D_DARWIN_C_SOURCE  -I'/Users/ab55/.rbenv/versions/1.9.3-p429/include'  -I/usr/include  -O3 -Wno-error=shorten-64-to-32  -pipe conftest.c  -L. -L/Users/ab55/.rbenv/versions/1.9.3-p429/lib -L. -L'/Users/ab55/.rbenv/versions/1.9.3-p429/lib'  -L/usr/local/lib -L/usr/lib -Wl,-rpath,/usr/lib    -lpq  -lruby-static -lpq  -lpthread -ldl -lobjc "
conftest.c: In function ‘t’:
conftest.c:4: error: ‘rb_encdb_alias’ undeclared (first use in this function)
conftest.c:4: error: (Each undeclared identifier is reported only once
conftest.c:4: error: for each function it appears in.)
checked program was:
/* begin */
 1: #include "ruby.h"
 2: 
 3: /*top*/
 4: int t() { void ((*volatile p)()); p = (void ((*)()))rb_encdb_alias; return 0; }
 5: int main(int argc, char **argv)
 6: {
 7:   if (argc > 1000000) {
 8:     printf("%p", &t);
 9:   }
10: 
11:   return 0;
12: }
/* end */

"gcc -o conftest -I/Users/ab55/.rbenv/versions/1.9.3-p429/include/ruby-1.9.1/x86_64-darwin11.4.2 -I/Users/ab55/.rbenv/versions/1.9.3-p429/include/ruby-1.9.1/ruby/backward -I/Users/ab55/.rbenv/versions/1.9.3-p429/include/ruby-1.9.1 -I. -I'/Users/ab55/.rbenv/versions/1.9.3-p429/include'  -D_XOPEN_SOURCE -D_DARWIN_C_SOURCE  -I'/Users/ab55/.rbenv/versions/1.9.3-p429/include'  -I/usr/include  -O3 -Wno-error=shorten-64-to-32  -pipe conftest.c  -L. -L/Users/ab55/.rbenv/versions/1.9.3-p429/lib -L. -L'/Users/ab55/.rbenv/versions/1.9.3-p429/lib'  -L/usr/local/lib -L/usr/lib -Wl,-rpath,/usr/lib    -lpq  -lruby-static -lpq  -lpthread -ldl -lobjc "
checked program was:
/* begin */
 1: #include "ruby.h"
 2: 
 3: /*top*/
 4: int t() { rb_encdb_alias(); return 0; }
 5: int main(int argc, char **argv)
 6: {
 7:   if (argc > 1000000) {
 8:     printf("%p", &t);
 9:   }
10: 
11:   return 0;
12: }
/* end */

--------------------

have_func: checking for rb_enc_alias()... -------------------- yes

"gcc -o conftest -I/Users/ab55/.rbenv/versions/1.9.3-p429/include/ruby-1.9.1/x86_64-darwin11.4.2 -I/Users/ab55/.rbenv/versions/1.9.3-p429/include/ruby-1.9.1/ruby/backward -I/Users/ab55/.rbenv/versions/1.9.3-p429/include/ruby-1.9.1 -I. -I'/Users/ab55/.rbenv/versions/1.9.3-p429/include'  -D_XOPEN_SOURCE -D_DARWIN_C_SOURCE  -I'/Users/ab55/.rbenv/versions/1.9.3-p429/include'  -I/usr/include  -O3 -Wno-error=shorten-64-to-32  -pipe conftest.c  -L. -L/Users/ab55/.rbenv/versions/1.9.3-p429/lib -L. -L'/Users/ab55/.rbenv/versions/1.9.3-p429/lib'  -L/usr/local/lib -L/usr/lib -Wl,-rpath,/usr/lib    -lpq  -lruby-static -lpq  -lpthread -ldl -lobjc "
conftest.c: In function ‘t’:
conftest.c:4: error: ‘rb_enc_alias’ undeclared (first use in this function)
conftest.c:4: error: (Each undeclared identifier is reported only once
conftest.c:4: error: for each function it appears in.)
checked program was:
/* begin */
 1: #include "ruby.h"
 2: 
 3: /*top*/
 4: int t() { void ((*volatile p)()); p = (void ((*)()))rb_enc_alias; return 0; }
 5: int main(int argc, char **argv)
 6: {
 7:   if (argc > 1000000) {
 8:     printf("%p", &t);
 9:   }
10: 
11:   return 0;
12: }
/* end */

"gcc -o conftest -I/Users/ab55/.rbenv/versions/1.9.3-p429/include/ruby-1.9.1/x86_64-darwin11.4.2 -I/Users/ab55/.rbenv/versions/1.9.3-p429/include/ruby-1.9.1/ruby/backward -I/Users/ab55/.rbenv/versions/1.9.3-p429/include/ruby-1.9.1 -I. -I'/Users/ab55/.rbenv/versions/1.9.3-p429/include'  -D_XOPEN_SOURCE -D_DARWIN_C_SOURCE  -I'/Users/ab55/.rbenv/versions/1.9.3-p429/include'  -I/usr/include  -O3 -Wno-error=shorten-64-to-32  -pipe conftest.c  -L. -L/Users/ab55/.rbenv/versions/1.9.3-p429/lib -L. -L'/Users/ab55/.rbenv/versions/1.9.3-p429/lib'  -L/usr/local/lib -L/usr/lib -Wl,-rpath,/usr/lib    -lpq  -lruby-static -lpq  -lpthread -ldl -lobjc "
checked program was:
/* begin */
 1: #include "ruby.h"
 2: 
 3: /*top*/
 4: int t() { rb_enc_alias(); return 0; }
 5: int main(int argc, char **argv)
 6: {
 7:   if (argc > 1000000) {
 8:     printf("%p", &t);
 9:   }
10: 
11:   return 0;
12: }
/* end */

--------------------

have_func: checking for rb_thread_call_without_gvl()... -------------------- yes

"gcc -o conftest -I/Users/ab55/.rbenv/versions/1.9.3-p429/include/ruby-1.9.1/x86_64-darwin11.4.2 -I/Users/ab55/.rbenv/versions/1.9.3-p429/include/ruby-1.9.1/ruby/backward -I/Users/ab55/.rbenv/versions/1.9.3-p429/include/ruby-1.9.1 -I. -I'/Users/ab55/.rbenv/versions/1.9.3-p429/include'  -D_XOPEN_SOURCE -D_DARWIN_C_SOURCE  -I'/Users/ab55/.rbenv/versions/1.9.3-p429/include'  -I/usr/include  -O3 -Wno-error=shorten-64-to-32  -pipe conftest.c  -L. -L/Users/ab55/.rbenv/versions/1.9.3-p429/lib -L. -L'/Users/ab55/.rbenv/versions/1.9.3-p429/lib'  -L/usr/local/lib -L/usr/lib -Wl,-rpath,/usr/lib    -lpq  -lruby-static -lpq  -lpthread -ldl -lobjc "
conftest.c: In function ‘t’:
conftest.c:4: error: ‘rb_thread_call_without_gvl’ undeclared (first use in this function)
conftest.c:4: error: (Each undeclared identifier is reported only once
conftest.c:4: error: for each function it appears in.)
checked program was:
/* begin */
 1: #include "ruby.h"
 2: 
 3: /*top*/
 4: int t() { void ((*volatile p)()); p = (void ((*)()))rb_thread_call_without_gvl; return 0; }
 5: int main(int argc, char **argv)
 6: {
 7:   if (argc > 1000000) {
 8:     printf("%p", &t);
 9:   }
10: 
11:   return 0;
12: }
/* end */

"gcc -o conftest -I/Users/ab55/.rbenv/versions/1.9.3-p429/include/ruby-1.9.1/x86_64-darwin11.4.2 -I/Users/ab55/.rbenv/versions/1.9.3-p429/include/ruby-1.9.1/ruby/backward -I/Users/ab55/.rbenv/versions/1.9.3-p429/include/ruby-1.9.1 -I. -I'/Users/ab55/.rbenv/versions/1.9.3-p429/include'  -D_XOPEN_SOURCE -D_DARWIN_C_SOURCE  -I'/Users/ab55/.rbenv/versions/1.9.3-p429/include'  -I/usr/include  -O3 -Wno-error=shorten-64-to-32  -pipe conftest.c  -L. -L/Users/ab55/.rbenv/versions/1.9.3-p429/lib -L. -L'/Users/ab55/.rbenv/versions/1.9.3-p429/lib'  -L/usr/local/lib -L/usr/lib -Wl,-rpath,/usr/lib    -lpq  -lruby-static -lpq  -lpthread -ldl -lobjc "
checked program was:
/* begin */
 1: #include "ruby.h"
 2: 
 3: /*top*/
 4: int t() { rb_thread_call_without_gvl(); return 0; }
 5: int main(int argc, char **argv)
 6: {
 7:   if (argc > 1000000) {
 8:     printf("%p", &t);
 9:   }
10: 
11:   return 0;
12: }
/* end */

--------------------

have_func: checking for rb_thread_call_with_gvl()... -------------------- yes

"gcc -o conftest -I/Users/ab55/.rbenv/versions/1.9.3-p429/include/ruby-1.9.1/x86_64-darwin11.4.2 -I/Users/ab55/.rbenv/versions/1.9.3-p429/include/ruby-1.9.1/ruby/backward -I/Users/ab55/.rbenv/versions/1.9.3-p429/include/ruby-1.9.1 -I. -I'/Users/ab55/.rbenv/versions/1.9.3-p429/include'  -D_XOPEN_SOURCE -D_DARWIN_C_SOURCE  -I'/Users/ab55/.rbenv/versions/1.9.3-p429/include'  -I/usr/include  -O3 -Wno-error=shorten-64-to-32  -pipe conftest.c  -L. -L/Users/ab55/.rbenv/versions/1.9.3-p429/lib -L. -L'/Users/ab55/.rbenv/versions/1.9.3-p429/lib'  -L/usr/local/lib -L/usr/lib -Wl,-rpath,/usr/lib    -lpq  -lruby-static -lpq  -lpthread -ldl -lobjc "
conftest.c: In function ‘t’:
conftest.c:4: error: ‘rb_thread_call_with_gvl’ undeclared (first use in this function)
conftest.c:4: error: (Each undeclared identifier is reported only once
conftest.c:4: error: for each function it appears in.)
checked program was:
/* begin */
 1: #include "ruby.h"
 2: 
 3: /*top*/
 4: int t() { void ((*volatile p)()); p = (void ((*)()))rb_thread_call_with_gvl; return 0; }
 5: int main(int argc, char **argv)
 6: {
 7:   if (argc > 1000000) {
 8:     printf("%p", &t);
 9:   }
10: 
11:   return 0;
12: }
/* end */

"gcc -o conftest -I/Users/ab55/.rbenv/versions/1.9.3-p429/include/ruby-1.9.1/x86_64-darwin11.4.2 -I/Users/ab55/.rbenv/versions/1.9.3-p429/include/ruby-1.9.1/ruby/backward -I/Users/ab55/.rbenv/versions/1.9.3-p429/include/ruby-1.9.1 -I. -I'/Users/ab55/.rbenv/versions/1.9.3-p429/include'  -D_XOPEN_SOURCE -D_DARWIN_C_SOURCE  -I'/Users/ab55/.rbenv/versions/1.9.3-p429/include'  -I/usr/include  -O3 -Wno-error=shorten-64-to-32  -pipe conftest.c  -L. -L/Users/ab55/.rbenv/versions/1.9.3-p429/lib -L. -L'/Users/ab55/.rbenv/versions/1.9.3-p429/lib'  -L/usr/local/lib -L/usr/lib -Wl,-rpath,/usr/lib    -lpq  -lruby-static -lpq  -lpthread -ldl -lobjc "
checked program was:
/* begin */
 1: #include "ruby.h"
 2: 
 3: /*top*/
 4: int t() { rb_thread_call_with_gvl(); return 0; }
 5: int main(int argc, char **argv)
 6: {
 7:   if (argc > 1000000) {
 8:     printf("%p", &t);
 9:   }
10: 
11:   return 0;
12: }
/* end */

--------------------

have_func: checking for rb_thread_fd_select()... -------------------- yes

"gcc -o conftest -I/Users/ab55/.rbenv/versions/1.9.3-p429/include/ruby-1.9.1/x86_64-darwin11.4.2 -I/Users/ab55/.rbenv/versions/1.9.3-p429/include/ruby-1.9.1/ruby/backward -I/Users/ab55/.rbenv/versions/1.9.3-p429/include/ruby-1.9.1 -I. -I'/Users/ab55/.rbenv/versions/1.9.3-p429/include'  -D_XOPEN_SOURCE -D_DARWIN_C_SOURCE  -I'/Users/ab55/.rbenv/versions/1.9.3-p429/include'  -I/usr/include  -O3 -Wno-error=shorten-64-to-32  -pipe conftest.c  -L. -L/Users/ab55/.rbenv/versions/1.9.3-p429/lib -L. -L'/Users/ab55/.rbenv/versions/1.9.3-p429/lib'  -L/usr/local/lib -L/usr/lib -Wl,-rpath,/usr/lib    -lpq  -lruby-static -lpq  -lpthread -ldl -lobjc "
checked program was:
/* begin */
 1: #include "ruby.h"
 2: 
 3: /*top*/
 4: int t() { void ((*volatile p)()); p = (void ((*)()))rb_thread_fd_select; return 0; }
 5: int main(int argc, char **argv)
 6: {
 7:   if (argc > 1000000) {
 8:     printf("%p", &t);
 9:   }
10: 
11:   return 0;
12: }
/* end */

--------------------

have_func: checking for rb_w32_wrap_io_handle()... -------------------- no

"gcc -o conftest -I/Users/ab55/.rbenv/versions/1.9.3-p429/include/ruby-1.9.1/x86_64-darwin11.4.2 -I/Users/ab55/.rbenv/versions/1.9.3-p429/include/ruby-1.9.1/ruby/backward -I/Users/ab55/.rbenv/versions/1.9.3-p429/include/ruby-1.9.1 -I. -I'/Users/ab55/.rbenv/versions/1.9.3-p429/include'  -D_XOPEN_SOURCE -D_DARWIN_C_SOURCE  -I'/Users/ab55/.rbenv/versions/1.9.3-p429/include'  -I/usr/include  -O3 -Wno-error=shorten-64-to-32  -pipe conftest.c  -L. -L/Users/ab55/.rbenv/versions/1.9.3-p429/lib -L. -L'/Users/ab55/.rbenv/versions/1.9.3-p429/lib'  -L/usr/local/lib -L/usr/lib -Wl,-rpath,/usr/lib    -lpq  -lruby-static -lpq  -lpthread -ldl -lobjc "
conftest.c: In function ‘t’:
conftest.c:4: error: ‘rb_w32_wrap_io_handle’ undeclared (first use in this function)
conftest.c:4: error: (Each undeclared identifier is reported only once
conftest.c:4: error: for each function it appears in.)
checked program was:
/* begin */
 1: #include "ruby.h"
 2: 
 3: /*top*/
 4: int t() { void ((*volatile p)()); p = (void ((*)()))rb_w32_wrap_io_handle; return 0; }
 5: int main(int argc, char **argv)
 6: {
 7:   if (argc > 1000000) {
 8:     printf("%p", &t);
 9:   }
10: 
11:   return 0;
12: }
/* end */

"gcc -o conftest -I/Users/ab55/.rbenv/versions/1.9.3-p429/include/ruby-1.9.1/x86_64-darwin11.4.2 -I/Users/ab55/.rbenv/versions/1.9.3-p429/include/ruby-1.9.1/ruby/backward -I/Users/ab55/.rbenv/versions/1.9.3-p429/include/ruby-1.9.1 -I. -I'/Users/ab55/.rbenv/versions/1.9.3-p429/include'  -D_XOPEN_SOURCE -D_DARWIN_C_SOURCE  -I'/Users/ab55/.rbenv/versions/1.9.3-p429/include'  -I/usr/include  -O3 -Wno-error=shorten-64-to-32  -pipe conftest.c  -L. -L/Users/ab55/.rbenv/versions/1.9.3-p429/lib -L. -L'/Users/ab55/.rbenv/versions/1.9.3-p429/lib'  -L/usr/local/lib -L/usr/lib -Wl,-rpath,/usr/lib    -lpq  -lruby-static -lpq  -lpthread -ldl -lobjc "
Undefined symbols for architecture x86_64:
  "_rb_w32_wrap_io_handle", referenced from:
      _t in cceXq7iQ.o
ld: symbol(s) not found for architecture x86_64
collect2: ld returned 1 exit status
checked program was:
/* begin */
 1: #include "ruby.h"
 2: 
 3: /*top*/
 4: int t() { rb_w32_wrap_io_handle(); return 0; }
 5: int main(int argc, char **argv)
 6: {
 7:   if (argc > 1000000) {
 8:     printf("%p", &t);
 9:   }
10: 
11:   return 0;
12: }
/* end */

--------------------

have_const: checking for PGRES_COPY_BOTH in libpq-fe.h... -------------------- no

"gcc -I/Users/ab55/.rbenv/versions/1.9.3-p429/include/ruby-1.9.1/x86_64-darwin11.4.2 -I/Users/ab55/.rbenv/versions/1.9.3-p429/include/ruby-1.9.1/ruby/backward -I/Users/ab55/.rbenv/versions/1.9.3-p429/include/ruby-1.9.1 -I. -I'/Users/ab55/.rbenv/versions/1.9.3-p429/include'  -D_XOPEN_SOURCE -D_DARWIN_C_SOURCE  -I'/Users/ab55/.rbenv/versions/1.9.3-p429/include'  -I/usr/include  -O3 -Wno-error=shorten-64-to-32  -pipe   -c conftest.c"
conftest.c:7: error: ‘PGRES_COPY_BOTH’ undeclared here (not in a function)
checked program was:
/* begin */
1: #include "ruby.h"
2: 
3: #include <libpq-fe.h>
4: 
5: /*top*/
6: typedef int conftest_type;
7: conftest_type conftestval = (int)PGRES_COPY_BOTH;
/* end */

--------------------

have_const: checking for PGRES_SINGLE_TUPLE in libpq-fe.h... -------------------- no

"gcc -I/Users/ab55/.rbenv/versions/1.9.3-p429/include/ruby-1.9.1/x86_64-darwin11.4.2 -I/Users/ab55/.rbenv/versions/1.9.3-p429/include/ruby-1.9.1/ruby/backward -I/Users/ab55/.rbenv/versions/1.9.3-p429/include/ruby-1.9.1 -I. -I'/Users/ab55/.rbenv/versions/1.9.3-p429/include'  -D_XOPEN_SOURCE -D_DARWIN_C_SOURCE  -I'/Users/ab55/.rbenv/versions/1.9.3-p429/include'  -I/usr/include  -O3 -Wno-error=shorten-64-to-32  -pipe   -c conftest.c"
conftest.c:7: error: ‘PGRES_SINGLE_TUPLE’ undeclared here (not in a function)
checked program was:
/* begin */
1: #include "ruby.h"
2: 
3: #include <libpq-fe.h>
4: 
5: /*top*/
6: typedef int conftest_type;
7: conftest_type conftestval = (int)PGRES_SINGLE_TUPLE;
/* end */

--------------------

have_struct_member: checking for struct pgNotify.extra in libpq-fe.h... -------------------- yes

"gcc -I/Users/ab55/.rbenv/versions/1.9.3-p429/include/ruby-1.9.1/x86_64-darwin11.4.2 -I/Users/ab55/.rbenv/versions/1.9.3-p429/include/ruby-1.9.1/ruby/backward -I/Users/ab55/.rbenv/versions/1.9.3-p429/include/ruby-1.9.1 -I. -I'/Users/ab55/.rbenv/versions/1.9.3-p429/include'  -D_XOPEN_SOURCE -D_DARWIN_C_SOURCE  -I'/Users/ab55/.rbenv/versions/1.9.3-p429/include'  -I/usr/include  -O3 -Wno-error=shorten-64-to-32  -pipe   -c conftest.c"
checked program was:
/* begin */
 1: #include "ruby.h"
 2: 
 3: #include <libpq-fe.h>
 4: 
 5: /*top*/
 6: int s = (char *)&((struct pgNotify*)0)->extra - (char *)0;
 7: int main(int argc, char **argv)
 8: {
 9:   if (argc > 1000000) {
10:     printf("%p", &s);
11:   }
12: 
13:   return 0;
14: }
/* end */

--------------------

have_header: checking for unistd.h... -------------------- yes

"gcc -E -I/Users/ab55/.rbenv/versions/1.9.3-p429/include/ruby-1.9.1/x86_64-darwin11.4.2 -I/Users/ab55/.rbenv/versions/1.9.3-p429/include/ruby-1.9.1/ruby/backward -I/Users/ab55/.rbenv/versions/1.9.3-p429/include/ruby-1.9.1 -I. -I'/Users/ab55/.rbenv/versions/1.9.3-p429/include'  -D_XOPEN_SOURCE -D_DARWIN_C_SOURCE  -I'/Users/ab55/.rbenv/versions/1.9.3-p429/include'  -I/usr/include  -O3 -Wno-error=shorten-64-to-32  -pipe  conftest.c -o conftest.i"
checked program was:
/* begin */
1: #include "ruby.h"
2: 
3: #include <unistd.h>
/* end */

--------------------

have_header: checking for ruby/st.h... -------------------- yes

"gcc -E -I/Users/ab55/.rbenv/versions/1.9.3-p429/include/ruby-1.9.1/x86_64-darwin11.4.2 -I/Users/ab55/.rbenv/versions/1.9.3-p429/include/ruby-1.9.1/ruby/backward -I/Users/ab55/.rbenv/versions/1.9.3-p429/include/ruby-1.9.1 -I. -I'/Users/ab55/.rbenv/versions/1.9.3-p429/include'  -D_XOPEN_SOURCE -D_DARWIN_C_SOURCE  -I'/Users/ab55/.rbenv/versions/1.9.3-p429/include'  -I/usr/include  -O3 -Wno-error=shorten-64-to-32  -pipe  conftest.c -o conftest.i"
checked program was:
/* begin */
1: #include "ruby.h"
2: 
3: #include <ruby/st.h>
/* end */

--------------------

extconf.h is:
/* begin */
 1: #ifndef EXTCONF_H
 2: #define EXTCONF_H
 3: #define HAVE_PQCONNECTIONUSEDPASSWORD 1
 4: #define HAVE_PQISTHREADSAFE 1
 5: #define HAVE_PQPREPARE 1
 6: #define HAVE_PQEXECPARAMS 1
 7: #define HAVE_PQESCAPESTRING 1
 8: #define HAVE_PQESCAPESTRINGCONN 1
 9: #define HAVE_PQESCAPELITERAL 1
10: #define HAVE_PQESCAPEIDENTIFIER 1
11: #define HAVE_PQGETCANCEL 1
12: #define HAVE_LO_CREATE 1
13: #define HAVE_PG_ENCODING_TO_CHAR 1
14: #define HAVE_PG_CHAR_TO_ENCODING 1
15: #define HAVE_PQSETCLIENTENCODING 1
16: #define HAVE_RB_ENCDB_ALIAS 1
17: #define HAVE_RB_ENC_ALIAS 1
18: #define HAVE_RB_THREAD_CALL_WITHOUT_GVL 1
19: #define HAVE_RB_THREAD_CALL_WITH_GVL 1
20: #define HAVE_RB_THREAD_FD_SELECT 1
21: #define HAVE_STRUCT_PGNOTIFY_EXTRA 1
22: #define HAVE_ST_EXTRA 1
23: #define HAVE_ST_NOTIFY_EXTRA 1
24: #define HAVE_UNISTD_H 1
25: #define HAVE_RUBY_ST_H 1
26: #endif
/* end */

